Copyright 1986-2017 Xilinx, Inc. All Rights Reserved.
------------------------------------------------------------------------------------
| Tool Version : Vivado v.2017.4 (win64) Build 2086221 Fri Dec 15 20:55:39 MST 2017
| Date         : Mon Nov  6 19:36:08 2023
| Host         : doov running 64-bit major release  (build 9200)
| Command      : report_control_sets -verbose -file memory_control_sets_placed.rpt
| Design       : memory
| Device       : xc7a35t
------------------------------------------------------------------------------------

Control Set Information

Table of Contents
-----------------
1. Summary
2. Flip-Flop Distribution
3. Detailed Control Set Information

1. Summary
----------

+----------------------------------------------------------+-------+
|                          Status                          | Count |
+----------------------------------------------------------+-------+
| Number of unique control sets                            |     3 |
| Unused register locations in slices containing registers |    14 |
+----------------------------------------------------------+-------+


2. Flip-Flop Distribution
-------------------------

+--------------+-----------------------+------------------------+-----------------+--------------+
| Clock Enable | Synchronous Set/Reset | Asynchronous Set/Reset | Total Registers | Total Slices |
+--------------+-----------------------+------------------------+-----------------+--------------+
| No           | No                    | No                     |               3 |            1 |
| No           | No                    | Yes                    |               0 |            0 |
| No           | Yes                   | No                     |              31 |           12 |
| Yes          | No                    | No                     |               0 |            0 |
| Yes          | No                    | Yes                    |               0 |            0 |
| Yes          | Yes                   | No                     |               0 |            0 |
+--------------+-----------------------+------------------------+-----------------+--------------+


3. Detailed Control Set Information
-----------------------------------

+----------------+---------------+-------------------------+------------------+----------------+
|  Clock Signal  | Enable Signal |     Set/Reset Signal    | Slice Load Count | Bel Load Count |
+----------------+---------------+-------------------------+------------------+----------------+
|  CLK_IBUF_BUFG |               |                         |                1 |              3 |
|  CLK_IBUF_BUFG |               | display/sel_reg_n_0_[2] |                6 |             11 |
|  CLK_IBUF_BUFG |               | display/sel             |                6 |             20 |
+----------------+---------------+-------------------------+------------------+----------------+


+--------+-----------------------+
| Fanout | Number of ControlSets |
+--------+-----------------------+
| 3      |                     1 |
| 11     |                     1 |
| 16+    |                     1 |
+--------+-----------------------+


