#-----------------------------------------------------------
# Vivado v2017.4 (64-bit)
# SW Build 2086221 on Fri Dec 15 20:55:39 MST 2017
# IP Build 2085800 on Fri Dec 15 22:25:07 MST 2017
# Start of session at: Sun Oct 22 00:51:28 2023
# Process ID: 7472
# Current directory: D:/vivado_projects/Computer-composition-principle-experiment/FSM/FSM.sim/sim_1/behav/xsim
# Command line: vivado.exe -gui_launcher_event rodinguilauncherevent7824 D:\vivado_projects\Computer-composition-principle-experiment\FSM\FSM.sim\sim_1\behav\xsim\FSM_behav.wdb
# Log file: D:/vivado_projects/Computer-composition-principle-experiment/FSM/FSM.sim/sim_1/behav/xsim/vivado.log
# Journal file: D:/vivado_projects/Computer-composition-principle-experiment/FSM/FSM.sim/sim_1/behav/xsim\vivado.jou
#-----------------------------------------------------------
start_gui
open_wave_database {D:\vivado_projects\Computer-composition-principle-experiment\FSM\FSM.sim\sim_1\behav\xsim\FSM_behav.wdb}
INFO: [IP_Flow 19-234] Refreshing IP repositories
INFO: [IP_Flow 19-1704] No user IP repositories specified
INFO: [IP_Flow 19-2313] Loaded Vivado IP repository 'D:/Xilinx_Vivado_SDK_2017.4_1216_1/Vivado/2017.4/data/ip'.
close_sim
INFO: [Simtcl 6-16] Simulation closed
exit
INFO: [Common 17-206] Exiting Vivado at Sun Oct 22 00:52:46 2023...
