#-----------------------------------------------------------
# Vivado v2017.4 (64-bit)
# SW Build 2086221 on Fri Dec 15 20:55:39 MST 2017
# IP Build 2085800 on Fri Dec 15 22:25:07 MST 2017
# Start of session at: Sat Oct 21 23:17:44 2023
# Process ID: 18984
# Current directory: D:/vivado_projects/project_3
# Command line: vivado.exe -gui_launcher_event rodinguilauncherevent14360 D:\vivado_projects\project_3\project_3.xpr
# Log file: D:/vivado_projects/project_3/vivado.log
# Journal file: D:/vivado_projects/project_3\vivado.jou
#-----------------------------------------------------------
start_gui
open_project D:/vivado_projects/project_3/project_3.xpr
Scanning sources...
Finished scanning sources
INFO: [IP_Flow 19-234] Refreshing IP repositories
INFO: [IP_Flow 19-1704] No user IP repositories specified
INFO: [IP_Flow 19-2313] Loaded Vivado IP repository 'D:/Xilinx_Vivado_SDK_2017.4_1216_1/Vivado/2017.4/data/ip'.
update_compile_order -fileset sources_1
exit
INFO: [Common 17-206] Exiting Vivado at Sat Oct 21 23:19:15 2023...
